<?xml version="1.0" encoding="UTF-8"?>
<testng-results ignored="0" total="2" passed="2" failed="0" skipped="0">
  <reporter-output>
  </reporter-output>
  <suite started-at="2023-09-17T18:32:47 IST" name="Default suite" finished-at="2023-09-17T18:33:41 IST" duration-ms="53546">
    <groups>
    </groups>
    <test started-at="2023-09-17T18:32:47 IST" name="Default test" finished-at="2023-09-17T18:33:41 IST" duration-ms="53546">
      <class name="com.facegenie.TC.VerifyLoginFun">
        <test-method is-config="true" signature="startPage()[pri:0, instance:com.facegenie.TC.VerifyLoginFun@6d366c9b]" started-at="2023-09-17T18:32:47 IST" name="startPage" finished-at="2023-09-17T18:33:00 IST" duration-ms="13071" status="PASS">
          <reporter-output>
          </reporter-output>
        </test-method> <!-- startPage -->
        <test-method signature="loginFun()[pri:0, instance:com.facegenie.TC.VerifyLoginFun@6d366c9b]" started-at="2023-09-17T18:33:00 IST" name="loginFun" finished-at="2023-09-17T18:33:02 IST" duration-ms="1413" status="PASS">
          <reporter-output>
          </reporter-output>
        </test-method> <!-- loginFun -->
        <test-method is-config="true" signature="endPage()[pri:0, instance:com.facegenie.TC.VerifyLoginFun@6d366c9b]" started-at="2023-09-17T18:33:02 IST" name="endPage" finished-at="2023-09-17T18:33:03 IST" duration-ms="1532" status="PASS">
          <reporter-output>
          </reporter-output>
        </test-method> <!-- endPage -->
        <test-method is-config="true" signature="startPage()[pri:0, instance:com.facegenie.TC.VerifyLoginFun@6d366c9b]" started-at="2023-09-17T18:33:03 IST" name="startPage" finished-at="2023-09-17T18:33:09 IST" duration-ms="5020" status="PASS">
          <reporter-output>
          </reporter-output>
        </test-method> <!-- startPage -->
        <test-method signature="logoutFun()[pri:1, instance:com.facegenie.TC.VerifyLoginFun@6d366c9b]" started-at="2023-09-17T18:33:09 IST" name="logoutFun" finished-at="2023-09-17T18:33:39 IST" duration-ms="30849" status="PASS">
          <reporter-output>
          </reporter-output>
        </test-method> <!-- logoutFun -->
        <test-method is-config="true" signature="endPage()[pri:0, instance:com.facegenie.TC.VerifyLoginFun@6d366c9b]" started-at="2023-09-17T18:33:39 IST" name="endPage" finished-at="2023-09-17T18:33:41 IST" duration-ms="1459" status="PASS">
          <reporter-output>
          </reporter-output>
        </test-method> <!-- endPage -->
      </class> <!-- com.facegenie.TC.VerifyLoginFun -->
    </test> <!-- Default test -->
  </suite> <!-- Default suite -->
</testng-results>
