<?xml version="1.0" encoding="UTF-8"?>
<testng-results ignored="0" total="1" passed="1" failed="0" skipped="0">
  <reporter-output>
  </reporter-output>
  <suite started-at="2023-09-17T11:15:27 IST" name="Default suite" finished-at="2023-09-17T11:15:35 IST" duration-ms="8069">
    <groups>
    </groups>
    <test started-at="2023-09-17T11:15:27 IST" name="Default test" finished-at="2023-09-17T11:15:35 IST" duration-ms="8069">
      <class name="com.facegenie.TC.VerifyLoginFun">
        <test-method is-config="true" signature="startPage()[pri:0, instance:com.facegenie.TC.VerifyLoginFun@2488b073]" started-at="2023-09-17T11:15:27 IST" name="startPage" finished-at="2023-09-17T11:15:34 IST" duration-ms="7103" status="PASS">
          <reporter-output>
          </reporter-output>
        </test-method> <!-- startPage -->
        <test-method signature="loginFun()[pri:0, instance:com.facegenie.TC.VerifyLoginFun@2488b073]" started-at="2023-09-17T11:15:34 IST" name="loginFun" finished-at="2023-09-17T11:15:35 IST" duration-ms="868" status="PASS">
          <reporter-output>
          </reporter-output>
        </test-method> <!-- loginFun -->
        <test-method is-config="true" signature="endPage()[pri:0, instance:com.facegenie.TC.VerifyLoginFun@2488b073]" started-at="2023-09-17T11:15:35 IST" name="endPage" finished-at="2023-09-17T11:15:35 IST" duration-ms="2" status="PASS">
          <reporter-output>
          </reporter-output>
        </test-method> <!-- endPage -->
      </class> <!-- com.facegenie.TC.VerifyLoginFun -->
    </test> <!-- Default test -->
  </suite> <!-- Default suite -->
</testng-results>
